{"D:\\workspace\\private\\nf-freelancer\\src\\app\\dto\\request\\auth.request.ts": {"path":"D:\\workspace\\private\\nf-freelancer\\src\\app\\dto\\request\\auth.request.ts","statementMap":{"0":{"start":{"line":1,"column":0},"end":{"line":1,"column":63}},"1":{"start":{"line":4,"column":2},"end":{"line":7,"column":null}},"2":{"start":{"line":9,"column":2},"end":{"line":11,"column":null}},"3":{"start":{"line":3,"column":0},"end":{"line":3,"column":13}},"4":{"start":{"line":15,"column":2},"end":{"line":16,"column":null}},"5":{"start":{"line":14,"column":0},"end":{"line":14,"column":13}}},"fnMap":{},"branchMap":{},"s":{"0":0,"1":0,"2":0,"3":0,"4":0,"5":0},"f":{},"b":{}}
,"D:\\workspace\\private\\nf-freelancer\\src\\app\\dto\\request\\category.request.ts": {"path":"D:\\workspace\\private\\nf-freelancer\\src\\app\\dto\\request\\category.request.ts","statementMap":{"0":{"start":{"line":1,"column":0},"end":{"line":1,"column":41}},"1":{"start":{"line":2,"column":0},"end":{"line":2,"column":null}},"2":{"start":{"line":14,"column":0},"end":{"line":14,"column":69}},"3":{"start":{"line":16,"column":0},"end":{"line":16,"column":null}},"4":{"start":{"line":17,"column":2},"end":{"line":17,"column":null}},"5":{"start":{"line":18,"column":2},"end":{"line":18,"column":null}},"6":{"start":{"line":19,"column":2},"end":{"line":19,"column":null}},"7":{"start":{"line":23,"column":2},"end":{"line":28,"column":null}},"8":{"start":{"line":23,"column":14},"end":{"line":23,"column":20}},"9":{"start":{"line":22,"column":0},"end":{"line":22,"column":13}},"10":{"start":{"line":41,"column":2},"end":{"line":41,"column":35}},"11":{"start":{"line":32,"column":2},"end":{"line":41,"column":null}},"12":{"start":{"line":36,"column":6},"end":{"line":38,"column":20}},"13":{"start":{"line":43,"column":2},"end":{"line":45,"column":null}},"14":{"start":{"line":31,"column":0},"end":{"line":31,"column":13}},"15":{"start":{"line":49,"column":2},"end":{"line":52,"column":null}},"16":{"start":{"line":54,"column":2},"end":{"line":58,"column":null}},"17":{"start":{"line":48,"column":0},"end":{"line":48,"column":13}}},"fnMap":{"0":{"name":"(anonymous_2)","decl":{"start":{"line":16,"column":0},"end":{"line":16,"column":12}},"loc":{"start":{"line":16,"column":25},"end":{"line":20,"column":1}}},"1":{"name":"(anonymous_3)","decl":{"start":{"line":23,"column":8},"end":{"line":23,"column":11}},"loc":{"start":{"line":23,"column":14},"end":{"line":23,"column":20}}},"2":{"name":"(anonymous_4)","decl":{"start":{"line":31,"column":0},"end":{"line":31,"column":13}},"loc":{"start":{"line":31,"column":0},"end":{"line":46,"column":1}}},"3":{"name":"(anonymous_5)","decl":{"start":{"line":35,"column":13},"end":{"line":35,"column":14}},"loc":{"start":{"line":35,"column":37},"end":{"line":39,"column":5}}}},"branchMap":{"0":{"loc":{"start":{"line":16,"column":12},"end":{"line":16,"column":null}},"type":"binary-expr","locations":[{"start":{"line":16,"column":12},"end":{"line":16,"column":25}},{"start":{"line":16,"column":12},"end":{"line":16,"column":null}}]}},"s":{"0":1,"1":1,"2":1,"3":1,"4":1,"5":1,"6":1,"7":1,"8":0,"9":1,"10":0,"11":1,"12":0,"13":1,"14":1,"15":1,"16":1,"17":1},"f":{"0":1,"1":0,"2":0,"3":0},"b":{"0":[1,1]}}
,"D:\\workspace\\private\\nf-freelancer\\src\\app\\dto\\request\\customer.request.ts": {"path":"D:\\workspace\\private\\nf-freelancer\\src\\app\\dto\\request\\customer.request.ts","statementMap":{"0":{"start":{"line":1,"column":0},"end":{"line":1,"column":null}},"1":{"start":{"line":13,"column":0},"end":{"line":13,"column":49}},"2":{"start":{"line":14,"column":0},"end":{"line":14,"column":69}},"3":{"start":{"line":15,"column":0},"end":{"line":15,"column":62}},"4":{"start":{"line":17,"column":0},"end":{"line":17,"column":null}},"5":{"start":{"line":18,"column":2},"end":{"line":18,"column":null}},"6":{"start":{"line":19,"column":2},"end":{"line":19,"column":null}},"7":{"start":{"line":20,"column":2},"end":{"line":20,"column":null}},"8":{"start":{"line":21,"column":2},"end":{"line":21,"column":null}},"9":{"start":{"line":25,"column":2},"end":{"line":30,"column":null}},"10":{"start":{"line":32,"column":2},"end":{"line":37,"column":null}},"11":{"start":{"line":39,"column":2},"end":{"line":44,"column":null}},"12":{"start":{"line":24,"column":0},"end":{"line":24,"column":13}},"13":{"start":{"line":48,"column":2},"end":{"line":53,"column":null}},"14":{"start":{"line":48,"column":14},"end":{"line":48,"column":20}},"15":{"start":{"line":47,"column":0},"end":{"line":47,"column":13}},"16":{"start":{"line":66,"column":2},"end":{"line":66,"column":42}},"17":{"start":{"line":57,"column":2},"end":{"line":66,"column":null}},"18":{"start":{"line":61,"column":6},"end":{"line":63,"column":20}},"19":{"start":{"line":68,"column":2},"end":{"line":71,"column":null}},"20":{"start":{"line":73,"column":2},"end":{"line":77,"column":null}},"21":{"start":{"line":79,"column":2},"end":{"line":83,"column":null}},"22":{"start":{"line":56,"column":0},"end":{"line":56,"column":13}},"23":{"start":{"line":87,"column":2},"end":{"line":90,"column":null}},"24":{"start":{"line":92,"column":2},"end":{"line":96,"column":null}},"25":{"start":{"line":98,"column":2},"end":{"line":102,"column":null}},"26":{"start":{"line":86,"column":0},"end":{"line":86,"column":13}}},"fnMap":{"0":{"name":"(anonymous_2)","decl":{"start":{"line":17,"column":0},"end":{"line":17,"column":12}},"loc":{"start":{"line":17,"column":32},"end":{"line":22,"column":1}}},"1":{"name":"(anonymous_3)","decl":{"start":{"line":48,"column":8},"end":{"line":48,"column":11}},"loc":{"start":{"line":48,"column":14},"end":{"line":48,"column":20}}},"2":{"name":"(anonymous_4)","decl":{"start":{"line":56,"column":0},"end":{"line":56,"column":13}},"loc":{"start":{"line":56,"column":0},"end":{"line":84,"column":1}}},"3":{"name":"(anonymous_5)","decl":{"start":{"line":60,"column":13},"end":{"line":60,"column":14}},"loc":{"start":{"line":60,"column":37},"end":{"line":64,"column":5}}}},"branchMap":{"0":{"loc":{"start":{"line":17,"column":12},"end":{"line":17,"column":null}},"type":"binary-expr","locations":[{"start":{"line":17,"column":12},"end":{"line":17,"column":32}},{"start":{"line":17,"column":12},"end":{"line":17,"column":null}}]}},"s":{"0":0,"1":0,"2":0,"3":0,"4":0,"5":0,"6":0,"7":0,"8":0,"9":0,"10":0,"11":0,"12":0,"13":0,"14":0,"15":0,"16":0,"17":0,"18":0,"19":0,"20":0,"21":0,"22":0,"23":0,"24":0,"25":0,"26":0},"f":{"0":0,"1":0,"2":0,"3":0},"b":{"0":[0,0]}}
,"D:\\workspace\\private\\nf-freelancer\\src\\app\\dto\\request\\expensive.request.ts": {"path":"D:\\workspace\\private\\nf-freelancer\\src\\app\\dto\\request\\expensive.request.ts","statementMap":{"0":{"start":{"line":1,"column":0},"end":{"line":1,"column":49}},"1":{"start":{"line":2,"column":0},"end":{"line":2,"column":null}},"2":{"start":{"line":14,"column":2},"end":{"line":20,"column":null}},"3":{"start":{"line":15,"column":14},"end":{"line":15,"column":20}},"4":{"start":{"line":13,"column":0},"end":{"line":13,"column":13}},"5":{"start":{"line":24,"column":2},"end":{"line":30,"column":null}},"6":{"start":{"line":25,"column":14},"end":{"line":25,"column":20}},"7":{"start":{"line":23,"column":0},"end":{"line":23,"column":13}},"8":{"start":{"line":34,"column":2},"end":{"line":36,"column":null}},"9":{"start":{"line":38,"column":2},"end":{"line":42,"column":null}},"10":{"start":{"line":44,"column":2},"end":{"line":48,"column":null}},"11":{"start":{"line":44,"column":14},"end":{"line":44,"column":18}},"12":{"start":{"line":50,"column":2},"end":{"line":54,"column":null}},"13":{"start":{"line":50,"column":14},"end":{"line":50,"column":18}},"14":{"start":{"line":56,"column":2},"end":{"line":59,"column":null}},"15":{"start":{"line":33,"column":0},"end":{"line":33,"column":13}}},"fnMap":{"0":{"name":"(anonymous_2)","decl":{"start":{"line":15,"column":8},"end":{"line":15,"column":11}},"loc":{"start":{"line":15,"column":14},"end":{"line":15,"column":20}}},"1":{"name":"(anonymous_3)","decl":{"start":{"line":25,"column":8},"end":{"line":25,"column":11}},"loc":{"start":{"line":25,"column":14},"end":{"line":25,"column":20}}},"2":{"name":"(anonymous_4)","decl":{"start":{"line":44,"column":8},"end":{"line":44,"column":11}},"loc":{"start":{"line":44,"column":14},"end":{"line":44,"column":18}}},"3":{"name":"(anonymous_5)","decl":{"start":{"line":50,"column":8},"end":{"line":50,"column":11}},"loc":{"start":{"line":50,"column":14},"end":{"line":50,"column":18}}}},"branchMap":{},"s":{"0":0,"1":0,"2":0,"3":0,"4":0,"5":0,"6":0,"7":0,"8":0,"9":0,"10":0,"11":0,"12":0,"13":0,"14":0,"15":0},"f":{"0":0,"1":0,"2":0,"3":0},"b":{}}
,"D:\\workspace\\private\\nf-freelancer\\src\\app\\dto\\request\\report.request.ts": {"path":"D:\\workspace\\private\\nf-freelancer\\src\\app\\dto\\request\\report.request.ts","statementMap":{"0":{"start":{"line":1,"column":0},"end":{"line":1,"column":43}},"1":{"start":{"line":3,"column":0},"end":{"line":3,"column":72}},"2":{"start":{"line":4,"column":0},"end":{"line":4,"column":62}},"3":{"start":{"line":6,"column":0},"end":{"line":6,"column":null}},"4":{"start":{"line":7,"column":2},"end":{"line":7,"column":null}},"5":{"start":{"line":8,"column":2},"end":{"line":8,"column":null}},"6":{"start":{"line":11,"column":0},"end":{"line":11,"column":null}},"7":{"start":{"line":12,"column":2},"end":{"line":12,"column":null}},"8":{"start":{"line":13,"column":2},"end":{"line":13,"column":null}},"9":{"start":{"line":17,"column":2},"end":{"line":22,"column":null}},"10":{"start":{"line":16,"column":0},"end":{"line":16,"column":13}},"11":{"start":{"line":33,"column":2},"end":{"line":33,"column":49}},"12":{"start":{"line":26,"column":2},"end":{"line":33,"column":null}},"13":{"start":{"line":28,"column":6},"end":{"line":30,"column":20}},"14":{"start":{"line":25,"column":0},"end":{"line":25,"column":13}},"15":{"start":{"line":46,"column":2},"end":{"line":46,"column":55}},"16":{"start":{"line":39,"column":2},"end":{"line":46,"column":null}},"17":{"start":{"line":41,"column":6},"end":{"line":43,"column":20}},"18":{"start":{"line":38,"column":0},"end":{"line":38,"column":13}}},"fnMap":{"0":{"name":"(anonymous_2)","decl":{"start":{"line":6,"column":0},"end":{"line":6,"column":12}},"loc":{"start":{"line":6,"column":31},"end":{"line":9,"column":1}}},"1":{"name":"(anonymous_3)","decl":{"start":{"line":11,"column":0},"end":{"line":11,"column":12}},"loc":{"start":{"line":11,"column":34},"end":{"line":14,"column":1}}},"2":{"name":"(anonymous_4)","decl":{"start":{"line":25,"column":0},"end":{"line":25,"column":13}},"loc":{"start":{"line":25,"column":0},"end":{"line":36,"column":1}}},"3":{"name":"(anonymous_5)","decl":{"start":{"line":27,"column":13},"end":{"line":27,"column":14}},"loc":{"start":{"line":27,"column":37},"end":{"line":31,"column":5}}},"4":{"name":"(anonymous_6)","decl":{"start":{"line":38,"column":0},"end":{"line":38,"column":13}},"loc":{"start":{"line":38,"column":0},"end":{"line":49,"column":1}}},"5":{"name":"(anonymous_7)","decl":{"start":{"line":40,"column":13},"end":{"line":40,"column":14}},"loc":{"start":{"line":40,"column":37},"end":{"line":44,"column":5}}}},"branchMap":{"0":{"loc":{"start":{"line":6,"column":12},"end":{"line":6,"column":null}},"type":"binary-expr","locations":[{"start":{"line":6,"column":12},"end":{"line":6,"column":31}},{"start":{"line":6,"column":12},"end":{"line":6,"column":null}}]},"1":{"loc":{"start":{"line":11,"column":12},"end":{"line":11,"column":null}},"type":"binary-expr","locations":[{"start":{"line":11,"column":12},"end":{"line":11,"column":34}},{"start":{"line":11,"column":12},"end":{"line":11,"column":null}}]}},"s":{"0":0,"1":0,"2":0,"3":0,"4":0,"5":0,"6":0,"7":0,"8":0,"9":0,"10":0,"11":0,"12":0,"13":0,"14":0,"15":0,"16":0,"17":0,"18":0},"f":{"0":0,"1":0,"2":0,"3":0,"4":0,"5":0},"b":{"0":[0,0],"1":[0,0]}}
,"D:\\workspace\\private\\nf-freelancer\\src\\app\\dto\\request\\revenue.request.ts": {"path":"D:\\workspace\\private\\nf-freelancer\\src\\app\\dto\\request\\revenue.request.ts","statementMap":{"0":{"start":{"line":1,"column":0},"end":{"line":1,"column":null}},"1":{"start":{"line":12,"column":0},"end":{"line":12,"column":49}},"2":{"start":{"line":15,"column":2},"end":{"line":17,"column":null}},"3":{"start":{"line":19,"column":2},"end":{"line":23,"column":null}},"4":{"start":{"line":25,"column":2},"end":{"line":29,"column":null}},"5":{"start":{"line":31,"column":2},"end":{"line":35,"column":null}},"6":{"start":{"line":31,"column":14},"end":{"line":31,"column":18}},"7":{"start":{"line":37,"column":2},"end":{"line":41,"column":null}},"8":{"start":{"line":37,"column":14},"end":{"line":37,"column":18}},"9":{"start":{"line":14,"column":0},"end":{"line":14,"column":13}},"10":{"start":{"line":45,"column":2},"end":{"line":51,"column":null}},"11":{"start":{"line":46,"column":14},"end":{"line":46,"column":20}},"12":{"start":{"line":44,"column":0},"end":{"line":44,"column":13}},"13":{"start":{"line":55,"column":2},"end":{"line":60,"column":null}},"14":{"start":{"line":55,"column":14},"end":{"line":55,"column":20}},"15":{"start":{"line":54,"column":0},"end":{"line":54,"column":13}}},"fnMap":{"0":{"name":"(anonymous_2)","decl":{"start":{"line":31,"column":8},"end":{"line":31,"column":11}},"loc":{"start":{"line":31,"column":14},"end":{"line":31,"column":18}}},"1":{"name":"(anonymous_3)","decl":{"start":{"line":37,"column":8},"end":{"line":37,"column":11}},"loc":{"start":{"line":37,"column":14},"end":{"line":37,"column":18}}},"2":{"name":"(anonymous_4)","decl":{"start":{"line":46,"column":8},"end":{"line":46,"column":11}},"loc":{"start":{"line":46,"column":14},"end":{"line":46,"column":20}}},"3":{"name":"(anonymous_5)","decl":{"start":{"line":55,"column":8},"end":{"line":55,"column":11}},"loc":{"start":{"line":55,"column":14},"end":{"line":55,"column":20}}}},"branchMap":{},"s":{"0":0,"1":0,"2":0,"3":0,"4":0,"5":0,"6":0,"7":0,"8":0,"9":0,"10":0,"11":0,"12":0,"13":0,"14":0,"15":0},"f":{"0":0,"1":0,"2":0,"3":0},"b":{}}
,"D:\\workspace\\private\\nf-freelancer\\src\\app\\dto\\request\\user.request.ts": {"path":"D:\\workspace\\private\\nf-freelancer\\src\\app\\dto\\request\\user.request.ts","statementMap":{"0":{"start":{"line":1,"column":0},"end":{"line":1,"column":null}},"1":{"start":{"line":12,"column":0},"end":{"line":12,"column":69}},"2":{"start":{"line":13,"column":0},"end":{"line":13,"column":60}},"3":{"start":{"line":16,"column":2},"end":{"line":19,"column":null}},"4":{"start":{"line":21,"column":2},"end":{"line":24,"column":null}},"5":{"start":{"line":26,"column":2},"end":{"line":33,"column":null}},"6":{"start":{"line":35,"column":2},"end":{"line":40,"column":null}},"7":{"start":{"line":42,"column":2},"end":{"line":46,"column":null}},"8":{"start":{"line":48,"column":2},"end":{"line":51,"column":null}},"9":{"start":{"line":53,"column":2},"end":{"line":56,"column":null}},"10":{"start":{"line":58,"column":2},"end":{"line":60,"column":null}},"11":{"start":{"line":59,"column":26},"end":{"line":59,"column":34}},"12":{"start":{"line":15,"column":0},"end":{"line":15,"column":13}},"13":{"start":{"line":64,"column":2},"end":{"line":69,"column":null}},"14":{"start":{"line":64,"column":14},"end":{"line":64,"column":20}},"15":{"start":{"line":63,"column":0},"end":{"line":63,"column":13}}},"fnMap":{"0":{"name":"(anonymous_2)","decl":{"start":{"line":59,"column":13},"end":{"line":59,"column":14}},"loc":{"start":{"line":59,"column":26},"end":{"line":59,"column":34}}},"1":{"name":"(anonymous_3)","decl":{"start":{"line":64,"column":8},"end":{"line":64,"column":11}},"loc":{"start":{"line":64,"column":14},"end":{"line":64,"column":20}}}},"branchMap":{},"s":{"0":0,"1":0,"2":0,"3":0,"4":0,"5":0,"6":0,"7":0,"8":0,"9":0,"10":0,"11":0,"12":0,"13":0,"14":0,"15":0},"f":{"0":0,"1":0},"b":{}}
,"D:\\workspace\\private\\nf-freelancer\\src\\app\\dto\\request\\base\\page.base.request.ts": {"path":"D:\\workspace\\private\\nf-freelancer\\src\\app\\dto\\request\\base\\page.base.request.ts","statementMap":{"0":{"start":{"line":1,"column":0},"end":{"line":1,"column":26}},"1":{"start":{"line":2,"column":0},"end":{"line":2,"column":55}},"2":{"start":{"line":3,"column":0},"end":{"line":3,"column":null}},"3":{"start":{"line":12,"column":0},"end":{"line":12,"column":47}},"4":{"start":{"line":38,"column":2},"end":{"line":38,"column":44}},"5":{"start":{"line":45,"column":2},"end":{"line":45,"column":42}},"6":{"start":{"line":50,"column":2},"end":{"line":50,"column":15}},"7":{"start":{"line":53,"column":4},"end":{"line":56,"column":20}},"8":{"start":{"line":63,"column":19},"end":{"line":65,"column":6}},"9":{"start":{"line":67,"column":6},"end":{"line":69,"column":20}},"10":{"start":{"line":70,"column":18},"end":{"line":70,"column":29}},"11":{"start":{"line":71,"column":17},"end":{"line":71,"column":27}},"12":{"start":{"line":72,"column":18},"end":{"line":72,"column":29}},"13":{"start":{"line":73,"column":4},"end":{"line":73,"column":75}},"14":{"start":{"line":32,"column":2},"end":{"line":38,"column":null}},"15":{"start":{"line":32,"column":14},"end":{"line":32,"column":20}},"16":{"start":{"line":40,"column":2},"end":{"line":45,"column":null}},"17":{"start":{"line":40,"column":14},"end":{"line":40,"column":20}},"18":{"start":{"line":47,"column":2},"end":{"line":50,"column":null}},"19":{"start":{"line":31,"column":0},"end":{"line":31,"column":22}}},"fnMap":{"0":{"name":"(anonymous_2)","decl":{"start":{"line":52,"column":2},"end":{"line":52,"column":null}},"loc":{"start":{"line":52,"column":2},"end":{"line":57,"column":3}}},"1":{"name":"(anonymous_3)","decl":{"start":{"line":59,"column":9},"end":{"line":59,"column":15}},"loc":{"start":{"line":61,"column":24},"end":{"line":74,"column":3}}},"2":{"name":"(anonymous_4)","decl":{"start":{"line":32,"column":8},"end":{"line":32,"column":11}},"loc":{"start":{"line":32,"column":14},"end":{"line":32,"column":20}}},"3":{"name":"(anonymous_5)","decl":{"start":{"line":40,"column":8},"end":{"line":40,"column":11}},"loc":{"start":{"line":40,"column":14},"end":{"line":40,"column":20}}}},"branchMap":{"0":{"loc":{"start":{"line":54,"column":6},"end":{"line":56,"column":19}},"type":"cond-expr","locations":[{"start":{"line":55,"column":10},"end":{"line":55,"column":35}},{"start":{"line":56,"column":10},"end":{"line":56,"column":19}}]},"1":{"loc":{"start":{"line":67,"column":6},"end":{"line":69,"column":20}},"type":"cond-expr","locations":[{"start":{"line":68,"column":10},"end":{"line":68,"column":34}},{"start":{"line":69,"column":10},"end":{"line":69,"column":20}}]}},"s":{"0":1,"1":1,"2":1,"3":1,"4":0,"5":0,"6":0,"7":0,"8":1,"9":1,"10":1,"11":1,"12":1,"13":1,"14":1,"15":0,"16":1,"17":0,"18":1,"19":1},"f":{"0":0,"1":1,"2":0,"3":0},"b":{"0":[0,0],"1":[0,1]}}
,"D:\\workspace\\private\\nf-freelancer\\src\\app\\services\\encryption.service.ts": {"path":"D:\\workspace\\private\\nf-freelancer\\src\\app\\services\\encryption.service.ts","statementMap":{"0":{"start":{"line":1,"column":0},"end":{"line":1,"column":33}},"1":{"start":{"line":2,"column":0},"end":{"line":2,"column":28}},"2":{"start":{"line":3,"column":0},"end":{"line":3,"column":30}},"3":{"start":{"line":4,"column":0},"end":{"line":4,"column":51}},"4":{"start":{"line":7,"column":7},"end":{"line":52,"column":null}},"5":{"start":{"line":11,"column":19},"end":{"line":14,"column":null}},"6":{"start":{"line":16,"column":4},"end":{"line":18,"column":25}},"7":{"start":{"line":22,"column":17},"end":{"line":22,"column":45}},"8":{"start":{"line":23,"column":21},"end":{"line":26,"column":null}},"9":{"start":{"line":28,"column":4},"end":{"line":31,"column":6}},"10":{"start":{"line":40,"column":4},"end":{"line":40,"column":59}},"11":{"start":{"line":50,"column":4},"end":{"line":50,"column":43}},"12":{"start":{"line":7,"column":13},"end":{"line":52,"column":null}},"13":{"start":{"line":7,"column":13},"end":{"line":7,"column":30}}},"fnMap":{"0":{"name":"(anonymous_3)","decl":{"start":{"line":8,"column":2},"end":{"line":8,"column":17}},"loc":{"start":{"line":8,"column":2},"end":{"line":8,"column":18}}},"1":{"name":"(anonymous_4)","decl":{"start":{"line":10,"column":9},"end":{"line":10,"column":16}},"loc":{"start":{"line":10,"column":30},"end":{"line":19,"column":3}}},"2":{"name":"(anonymous_5)","decl":{"start":{"line":21,"column":9},"end":{"line":21,"column":16}},"loc":{"start":{"line":21,"column":30},"end":{"line":32,"column":3}}},"3":{"name":"(anonymous_6)","decl":{"start":{"line":39,"column":9},"end":{"line":39,"column":13}},"loc":{"start":{"line":39,"column":30},"end":{"line":41,"column":3}}},"4":{"name":"(anonymous_7)","decl":{"start":{"line":49,"column":9},"end":{"line":49,"column":16}},"loc":{"start":{"line":49,"column":44},"end":{"line":51,"column":3}}}},"branchMap":{},"s":{"0":0,"1":0,"2":0,"3":0,"4":0,"5":0,"6":0,"7":0,"8":0,"9":0,"10":0,"11":0,"12":0,"13":0},"f":{"0":0,"1":0,"2":0,"3":0,"4":0},"b":{}}
,"D:\\workspace\\private\\nf-freelancer\\src\\app\\services\\v1\\auth.service.ts": {"path":"D:\\workspace\\private\\nf-freelancer\\src\\app\\services\\v1\\auth.service.ts","statementMap":{"0":{"start":{"line":1,"column":0},"end":{"line":1,"column":33}},"1":{"start":{"line":2,"column":0},"end":{"line":2,"column":62}},"2":{"start":{"line":3,"column":0},"end":{"line":3,"column":49}},"3":{"start":{"line":5,"column":0},"end":{"line":5,"column":69}},"4":{"start":{"line":7,"column":0},"end":{"line":7,"column":43}},"5":{"start":{"line":8,"column":0},"end":{"line":8,"column":60}},"6":{"start":{"line":9,"column":0},"end":{"line":9,"column":40}},"7":{"start":{"line":12,"column":7},"end":{"line":48,"column":null}},"8":{"start":{"line":13,"column":31},"end":{"line":13,"column":43}},"9":{"start":{"line":16,"column":4},"end":{"line":16,"column":27}},"10":{"start":{"line":17,"column":17},"end":{"line":17,"column":49}},"11":{"start":{"line":19,"column":4},"end":{"line":19,"column":35}},"12":{"start":{"line":20,"column":20},"end":{"line":23,"column":6}},"13":{"start":{"line":25,"column":4},"end":{"line":25,"column":54}},"14":{"start":{"line":26,"column":16},"end":{"line":26,"column":50}},"15":{"start":{"line":28,"column":4},"end":{"line":28,"column":42}},"16":{"start":{"line":32,"column":4},"end":{"line":32,"column":62}},"17":{"start":{"line":33,"column":25},"end":{"line":35,"column":6}},"18":{"start":{"line":36,"column":4},"end":{"line":38,"column":null}},"19":{"start":{"line":37,"column":6},"end":{"line":37,"column":75}},"20":{"start":{"line":40,"column":4},"end":{"line":40,"column":61}},"21":{"start":{"line":41,"column":25},"end":{"line":41,"column":37}},"22":{"start":{"line":42,"column":4},"end":{"line":44,"column":null}},"23":{"start":{"line":43,"column":6},"end":{"line":43,"column":75}},"24":{"start":{"line":46,"column":4},"end":{"line":46,"column":41}},"25":{"start":{"line":12,"column":13},"end":{"line":48,"column":null}},"26":{"start":{"line":12,"column":13},"end":{"line":12,"column":24}}},"fnMap":{"0":{"name":"(anonymous_2)","decl":{"start":{"line":13,"column":2},"end":{"line":13,"column":31}},"loc":{"start":{"line":13,"column":57},"end":{"line":13,"column":61}}},"1":{"name":"(anonymous_3)","decl":{"start":{"line":15,"column":9},"end":{"line":15,"column":14}},"loc":{"start":{"line":15,"column":46},"end":{"line":29,"column":3}}},"2":{"name":"(anonymous_4)","decl":{"start":{"line":31,"column":10},"end":{"line":31,"column":15}},"loc":{"start":{"line":31,"column":49},"end":{"line":47,"column":3}}}},"branchMap":{"0":{"loc":{"start":{"line":36,"column":4},"end":{"line":38,"column":null}},"type":"if","locations":[{"start":{"line":36,"column":4},"end":{"line":38,"column":null}}]},"1":{"loc":{"start":{"line":42,"column":4},"end":{"line":44,"column":null}},"type":"if","locations":[{"start":{"line":42,"column":4},"end":{"line":44,"column":null}}]}},"s":{"0":0,"1":0,"2":0,"3":0,"4":0,"5":0,"6":0,"7":0,"8":0,"9":0,"10":0,"11":0,"12":0,"13":0,"14":0,"15":0,"16":0,"17":0,"18":0,"19":0,"20":0,"21":0,"22":0,"23":0,"24":0,"25":0,"26":0},"f":{"0":0,"1":0,"2":0},"b":{"0":[0],"1":[0]}}
,"D:\\workspace\\private\\nf-freelancer\\src\\app\\services\\v1\\category.service.ts": {"path":"D:\\workspace\\private\\nf-freelancer\\src\\app\\services\\v1\\category.service.ts","statementMap":{"0":{"start":{"line":1,"column":0},"end":{"line":1,"column":80}},"1":{"start":{"line":2,"column":0},"end":{"line":2,"column":null}},"2":{"start":{"line":6,"column":0},"end":{"line":6,"column":null}},"3":{"start":{"line":10,"column":0},"end":{"line":10,"column":68}},"4":{"start":{"line":11,"column":0},"end":{"line":11,"column":45}},"5":{"start":{"line":12,"column":0},"end":{"line":12,"column":71}},"6":{"start":{"line":13,"column":0},"end":{"line":13,"column":52}},"7":{"start":{"line":14,"column":0},"end":{"line":14,"column":33}},"8":{"start":{"line":17,"column":7},"end":{"line":82,"column":null}},"9":{"start":{"line":18,"column":31},"end":{"line":18,"column":51}},"10":{"start":{"line":21,"column":21},"end":{"line":23,"column":6}},"11":{"start":{"line":25,"column":4},"end":{"line":27,"column":null}},"12":{"start":{"line":26,"column":6},"end":{"line":26,"column":72}},"13":{"start":{"line":29,"column":19},"end":{"line":29,"column":53}},"14":{"start":{"line":30,"column":19},"end":{"line":30,"column":61}},"15":{"start":{"line":31,"column":4},"end":{"line":31,"column":14}},"16":{"start":{"line":35,"column":21},"end":{"line":37,"column":6}},"17":{"start":{"line":39,"column":4},"end":{"line":41,"column":null}},"18":{"start":{"line":40,"column":6},"end":{"line":40,"column":74}},"19":{"start":{"line":42,"column":4},"end":{"line":44,"column":7}},"20":{"start":{"line":50,"column":21},"end":{"line":50,"column":67}},"21":{"start":{"line":52,"column":30},"end":{"line":52,"column":74}},"22":{"start":{"line":54,"column":17},"end":{"line":54,"column":69}},"23":{"start":{"line":55,"column":20},"end":{"line":57,"column":6}},"24":{"start":{"line":59,"column":4},"end":{"line":59,"column":43}},"25":{"start":{"line":66,"column":21},"end":{"line":66,"column":68}},"26":{"start":{"line":67,"column":4},"end":{"line":69,"column":null}},"27":{"start":{"line":68,"column":6},"end":{"line":68,"column":70}},"28":{"start":{"line":71,"column":19},"end":{"line":71,"column":72}},"29":{"start":{"line":72,"column":4},"end":{"line":72,"column":47}},"30":{"start":{"line":76,"column":21},"end":{"line":76,"column":68}},"31":{"start":{"line":77,"column":4},"end":{"line":79,"column":null}},"32":{"start":{"line":78,"column":6},"end":{"line":78,"column":70}},"33":{"start":{"line":80,"column":4},"end":{"line":80,"column":49}},"34":{"start":{"line":17,"column":13},"end":{"line":82,"column":null}},"35":{"start":{"line":17,"column":13},"end":{"line":17,"column":28}}},"fnMap":{"0":{"name":"(anonymous_2)","decl":{"start":{"line":18,"column":2},"end":{"line":18,"column":31}},"loc":{"start":{"line":18,"column":69},"end":{"line":18,"column":73}}},"1":{"name":"(anonymous_3)","decl":{"start":{"line":20,"column":9},"end":{"line":20,"column":14}},"loc":{"start":{"line":20,"column":46},"end":{"line":32,"column":3}}},"2":{"name":"(anonymous_4)","decl":{"start":{"line":34,"column":9},"end":{"line":34,"column":14}},"loc":{"start":{"line":34,"column":29},"end":{"line":45,"column":3}}},"3":{"name":"(anonymous_5)","decl":{"start":{"line":47,"column":9},"end":{"line":47,"column":14}},"loc":{"start":{"line":48,"column":36},"end":{"line":60,"column":3}}},"4":{"name":"(anonymous_6)","decl":{"start":{"line":62,"column":9},"end":{"line":62,"column":14}},"loc":{"start":{"line":64,"column":36},"end":{"line":73,"column":3}}},"5":{"name":"(anonymous_7)","decl":{"start":{"line":75,"column":9},"end":{"line":75,"column":14}},"loc":{"start":{"line":75,"column":33},"end":{"line":81,"column":3}}}},"branchMap":{"0":{"loc":{"start":{"line":25,"column":4},"end":{"line":27,"column":null}},"type":"if","locations":[{"start":{"line":25,"column":4},"end":{"line":27,"column":null}}]},"1":{"loc":{"start":{"line":39,"column":4},"end":{"line":41,"column":null}},"type":"if","locations":[{"start":{"line":39,"column":4},"end":{"line":41,"column":null}}]},"2":{"loc":{"start":{"line":67,"column":4},"end":{"line":69,"column":null}},"type":"if","locations":[{"start":{"line":67,"column":4},"end":{"line":69,"column":null}}]},"3":{"loc":{"start":{"line":77,"column":4},"end":{"line":79,"column":null}},"type":"if","locations":[{"start":{"line":77,"column":4},"end":{"line":79,"column":null}}]}},"s":{"0":1,"1":1,"2":1,"3":1,"4":1,"5":1,"6":1,"7":1,"8":1,"9":1,"10":0,"11":0,"12":0,"13":0,"14":0,"15":0,"16":0,"17":0,"18":0,"19":0,"20":1,"21":1,"22":1,"23":1,"24":1,"25":0,"26":0,"27":0,"28":0,"29":0,"30":0,"31":0,"32":0,"33":0,"34":1,"35":1},"f":{"0":1,"1":0,"2":0,"3":1,"4":0,"5":0},"b":{"0":[0],"1":[0],"2":[0],"3":[0]}}
,"D:\\workspace\\private\\nf-freelancer\\src\\app\\services\\v1\\customer.service.ts": {"path":"D:\\workspace\\private\\nf-freelancer\\src\\app\\services\\v1\\customer.service.ts","statementMap":{"0":{"start":{"line":1,"column":0},"end":{"line":1,"column":80}},"1":{"start":{"line":2,"column":0},"end":{"line":2,"column":null}},"2":{"start":{"line":7,"column":0},"end":{"line":7,"column":null}},"3":{"start":{"line":11,"column":0},"end":{"line":11,"column":68}},"4":{"start":{"line":12,"column":0},"end":{"line":12,"column":45}},"5":{"start":{"line":13,"column":0},"end":{"line":13,"column":70}},"6":{"start":{"line":14,"column":0},"end":{"line":14,"column":52}},"7":{"start":{"line":15,"column":0},"end":{"line":15,"column":33}},"8":{"start":{"line":18,"column":7},"end":{"line":120,"column":null}},"9":{"start":{"line":19,"column":31},"end":{"line":19,"column":51}},"10":{"start":{"line":22,"column":21},"end":{"line":22,"column":68}},"11":{"start":{"line":23,"column":4},"end":{"line":25,"column":null}},"12":{"start":{"line":24,"column":6},"end":{"line":24,"column":70}},"13":{"start":{"line":27,"column":4},"end":{"line":29,"column":7}},"14":{"start":{"line":35,"column":21},"end":{"line":35,"column":67}},"15":{"start":{"line":37,"column":30},"end":{"line":37,"column":74}},"16":{"start":{"line":39,"column":17},"end":{"line":39,"column":69}},"17":{"start":{"line":40,"column":20},"end":{"line":42,"column":6}},"18":{"start":{"line":44,"column":4},"end":{"line":44,"column":43}},"19":{"start":{"line":48,"column":21},"end":{"line":50,"column":6}},"20":{"start":{"line":51,"column":4},"end":{"line":55,"column":null}},"21":{"start":{"line":52,"column":6},"end":{"line":54,"column":8}},"22":{"start":{"line":56,"column":25},"end":{"line":58,"column":6}},"23":{"start":{"line":59,"column":4},"end":{"line":63,"column":null}},"24":{"start":{"line":60,"column":6},"end":{"line":62,"column":8}},"25":{"start":{"line":64,"column":19},"end":{"line":64,"column":61}},"26":{"start":{"line":65,"column":30},"end":{"line":65,"column":72}},"27":{"start":{"line":66,"column":4},"end":{"line":66,"column":21}},"28":{"start":{"line":73,"column":21},"end":{"line":73,"column":68}},"29":{"start":{"line":74,"column":4},"end":{"line":76,"column":null}},"30":{"start":{"line":75,"column":6},"end":{"line":75,"column":70}},"31":{"start":{"line":78,"column":24},"end":{"line":80,"column":6}},"32":{"start":{"line":81,"column":4},"end":{"line":85,"column":null}},"33":{"start":{"line":82,"column":6},"end":{"line":84,"column":8}},"34":{"start":{"line":87,"column":25},"end":{"line":89,"column":6}},"35":{"start":{"line":90,"column":4},"end":{"line":94,"column":null}},"36":{"start":{"line":91,"column":6},"end":{"line":93,"column":8}},"37":{"start":{"line":96,"column":19},"end":{"line":96,"column":72}},"38":{"start":{"line":97,"column":4},"end":{"line":97,"column":47}},"39":{"start":{"line":101,"column":21},"end":{"line":101,"column":68}},"40":{"start":{"line":102,"column":4},"end":{"line":104,"column":null}},"41":{"start":{"line":103,"column":6},"end":{"line":103,"column":70}},"42":{"start":{"line":106,"column":19},"end":{"line":109,"column":6}},"43":{"start":{"line":110,"column":4},"end":{"line":110,"column":47}},"44":{"start":{"line":114,"column":21},"end":{"line":114,"column":68}},"45":{"start":{"line":115,"column":4},"end":{"line":117,"column":null}},"46":{"start":{"line":116,"column":6},"end":{"line":116,"column":70}},"47":{"start":{"line":118,"column":4},"end":{"line":118,"column":49}},"48":{"start":{"line":18,"column":13},"end":{"line":120,"column":null}},"49":{"start":{"line":18,"column":13},"end":{"line":18,"column":28}}},"fnMap":{"0":{"name":"(anonymous_2)","decl":{"start":{"line":19,"column":2},"end":{"line":19,"column":31}},"loc":{"start":{"line":19,"column":69},"end":{"line":19,"column":73}}},"1":{"name":"(anonymous_3)","decl":{"start":{"line":21,"column":9},"end":{"line":21,"column":14}},"loc":{"start":{"line":21,"column":29},"end":{"line":30,"column":3}}},"2":{"name":"(anonymous_4)","decl":{"start":{"line":32,"column":9},"end":{"line":32,"column":14}},"loc":{"start":{"line":33,"column":36},"end":{"line":45,"column":3}}},"3":{"name":"(anonymous_5)","decl":{"start":{"line":47,"column":9},"end":{"line":47,"column":14}},"loc":{"start":{"line":47,"column":54},"end":{"line":67,"column":3}}},"4":{"name":"(anonymous_6)","decl":{"start":{"line":69,"column":9},"end":{"line":69,"column":14}},"loc":{"start":{"line":71,"column":36},"end":{"line":98,"column":3}}},"5":{"name":"(anonymous_7)","decl":{"start":{"line":100,"column":9},"end":{"line":100,"column":14}},"loc":{"start":{"line":100,"column":61},"end":{"line":111,"column":3}}},"6":{"name":"(anonymous_8)","decl":{"start":{"line":113,"column":9},"end":{"line":113,"column":14}},"loc":{"start":{"line":113,"column":33},"end":{"line":119,"column":3}}}},"branchMap":{"0":{"loc":{"start":{"line":23,"column":4},"end":{"line":25,"column":null}},"type":"if","locations":[{"start":{"line":23,"column":4},"end":{"line":25,"column":null}}]},"1":{"loc":{"start":{"line":51,"column":4},"end":{"line":55,"column":null}},"type":"if","locations":[{"start":{"line":51,"column":4},"end":{"line":55,"column":null}}]},"2":{"loc":{"start":{"line":59,"column":4},"end":{"line":63,"column":null}},"type":"if","locations":[{"start":{"line":59,"column":4},"end":{"line":63,"column":null}}]},"3":{"loc":{"start":{"line":74,"column":4},"end":{"line":76,"column":null}},"type":"if","locations":[{"start":{"line":74,"column":4},"end":{"line":76,"column":null}}]},"4":{"loc":{"start":{"line":81,"column":4},"end":{"line":85,"column":null}},"type":"if","locations":[{"start":{"line":81,"column":4},"end":{"line":85,"column":null}}]},"5":{"loc":{"start":{"line":90,"column":4},"end":{"line":94,"column":null}},"type":"if","locations":[{"start":{"line":90,"column":4},"end":{"line":94,"column":null}}]},"6":{"loc":{"start":{"line":102,"column":4},"end":{"line":104,"column":null}},"type":"if","locations":[{"start":{"line":102,"column":4},"end":{"line":104,"column":null}}]},"7":{"loc":{"start":{"line":115,"column":4},"end":{"line":117,"column":null}},"type":"if","locations":[{"start":{"line":115,"column":4},"end":{"line":117,"column":null}}]}},"s":{"0":0,"1":0,"2":0,"3":0,"4":0,"5":0,"6":0,"7":0,"8":0,"9":0,"10":0,"11":0,"12":0,"13":0,"14":0,"15":0,"16":0,"17":0,"18":0,"19":0,"20":0,"21":0,"22":0,"23":0,"24":0,"25":0,"26":0,"27":0,"28":0,"29":0,"30":0,"31":0,"32":0,"33":0,"34":0,"35":0,"36":0,"37":0,"38":0,"39":0,"40":0,"41":0,"42":0,"43":0,"44":0,"45":0,"46":0,"47":0,"48":0,"49":0},"f":{"0":0,"1":0,"2":0,"3":0,"4":0,"5":0,"6":0},"b":{"0":[0],"1":[0],"2":[0],"3":[0],"4":[0],"5":[0],"6":[0],"7":[0]}}
,"D:\\workspace\\private\\nf-freelancer\\src\\app\\services\\v1\\expense.service.ts": {"path":"D:\\workspace\\private\\nf-freelancer\\src\\app\\services\\v1\\expense.service.ts","statementMap":{"0":{"start":{"line":1,"column":0},"end":{"line":1,"column":52}},"1":{"start":{"line":2,"column":0},"end":{"line":2,"column":33}},"2":{"start":{"line":3,"column":0},"end":{"line":3,"column":68}},"3":{"start":{"line":5,"column":0},"end":{"line":5,"column":43}},"4":{"start":{"line":6,"column":0},"end":{"line":6,"column":71}},"5":{"start":{"line":7,"column":0},"end":{"line":7,"column":70}},"6":{"start":{"line":8,"column":0},"end":{"line":8,"column":70}},"7":{"start":{"line":11,"column":7},"end":{"line":86,"column":null}},"8":{"start":{"line":13,"column":21},"end":{"line":13,"column":40}},"9":{"start":{"line":14,"column":21},"end":{"line":14,"column":41}},"10":{"start":{"line":15,"column":21},"end":{"line":15,"column":41}},"11":{"start":{"line":22,"column":21},"end":{"line":24,"column":6}},"12":{"start":{"line":25,"column":4},"end":{"line":29,"column":null}},"13":{"start":{"line":26,"column":6},"end":{"line":28,"column":8}},"14":{"start":{"line":31,"column":21},"end":{"line":33,"column":6}},"15":{"start":{"line":34,"column":4},"end":{"line":36,"column":null}},"16":{"start":{"line":35,"column":6},"end":{"line":35,"column":72}},"17":{"start":{"line":38,"column":19},"end":{"line":38,"column":59}},"18":{"start":{"line":39,"column":4},"end":{"line":39,"column":31}},"19":{"start":{"line":40,"column":4},"end":{"line":40,"column":31}},"20":{"start":{"line":42,"column":19},"end":{"line":42,"column":60}},"21":{"start":{"line":43,"column":4},"end":{"line":43,"column":14}},"22":{"start":{"line":50,"column":21},"end":{"line":52,"column":6}},"23":{"start":{"line":53,"column":4},"end":{"line":57,"column":null}},"24":{"start":{"line":54,"column":6},"end":{"line":56,"column":8}},"25":{"start":{"line":59,"column":20},"end":{"line":62,"column":6}},"26":{"start":{"line":63,"column":4},"end":{"line":65,"column":null}},"27":{"start":{"line":64,"column":6},"end":{"line":64,"column":70}},"28":{"start":{"line":67,"column":19},"end":{"line":67,"column":78}},"29":{"start":{"line":68,"column":4},"end":{"line":68,"column":31}},"30":{"start":{"line":70,"column":19},"end":{"line":70,"column":60}},"31":{"start":{"line":71,"column":4},"end":{"line":71,"column":14}},"32":{"start":{"line":75,"column":20},"end":{"line":75,"column":66}},"33":{"start":{"line":76,"column":4},"end":{"line":78,"column":null}},"34":{"start":{"line":77,"column":6},"end":{"line":77,"column":66}},"35":{"start":{"line":79,"column":4},"end":{"line":84,"column":17}},"36":{"start":{"line":11,"column":13},"end":{"line":86,"column":null}},"37":{"start":{"line":11,"column":13},"end":{"line":11,"column":27}}},"fnMap":{"0":{"name":"(anonymous_2)","decl":{"start":{"line":12,"column":2},"end":{"line":12,"column":null}},"loc":{"start":{"line":15,"column":59},"end":{"line":16,"column":6}}},"1":{"name":"(anonymous_3)","decl":{"start":{"line":18,"column":9},"end":{"line":18,"column":14}},"loc":{"start":{"line":20,"column":34},"end":{"line":44,"column":3}}},"2":{"name":"(anonymous_4)","decl":{"start":{"line":46,"column":9},"end":{"line":46,"column":14}},"loc":{"start":{"line":48,"column":34},"end":{"line":72,"column":3}}},"3":{"name":"(anonymous_5)","decl":{"start":{"line":74,"column":9},"end":{"line":74,"column":14}},"loc":{"start":{"line":74,"column":32},"end":{"line":85,"column":3}}}},"branchMap":{"0":{"loc":{"start":{"line":25,"column":4},"end":{"line":29,"column":null}},"type":"if","locations":[{"start":{"line":25,"column":4},"end":{"line":29,"column":null}}]},"1":{"loc":{"start":{"line":34,"column":4},"end":{"line":36,"column":null}},"type":"if","locations":[{"start":{"line":34,"column":4},"end":{"line":36,"column":null}}]},"2":{"loc":{"start":{"line":53,"column":4},"end":{"line":57,"column":null}},"type":"if","locations":[{"start":{"line":53,"column":4},"end":{"line":57,"column":null}}]},"3":{"loc":{"start":{"line":63,"column":4},"end":{"line":65,"column":null}},"type":"if","locations":[{"start":{"line":63,"column":4},"end":{"line":65,"column":null}}]},"4":{"loc":{"start":{"line":76,"column":4},"end":{"line":78,"column":null}},"type":"if","locations":[{"start":{"line":76,"column":4},"end":{"line":78,"column":null}}]}},"s":{"0":0,"1":0,"2":0,"3":0,"4":0,"5":0,"6":0,"7":0,"8":0,"9":0,"10":0,"11":0,"12":0,"13":0,"14":0,"15":0,"16":0,"17":0,"18":0,"19":0,"20":0,"21":0,"22":0,"23":0,"24":0,"25":0,"26":0,"27":0,"28":0,"29":0,"30":0,"31":0,"32":0,"33":0,"34":0,"35":0,"36":0,"37":0},"f":{"0":0,"1":0,"2":0,"3":0},"b":{"0":[0],"1":[0],"2":[0],"3":[0],"4":[0]}}
,"D:\\workspace\\private\\nf-freelancer\\src\\app\\services\\v1\\report.service.ts": {"path":"D:\\workspace\\private\\nf-freelancer\\src\\app\\services\\v1\\report.service.ts","statementMap":{"0":{"start":{"line":6,"column":0},"end":{"line":6,"column":null}},"1":{"start":{"line":11,"column":0},"end":{"line":11,"column":68}},"2":{"start":{"line":12,"column":0},"end":{"line":12,"column":52}},"3":{"start":{"line":13,"column":0},"end":{"line":13,"column":33}},"4":{"start":{"line":16,"column":7},"end":{"line":49,"column":null}},"5":{"start":{"line":17,"column":31},"end":{"line":17,"column":50}},"6":{"start":{"line":22,"column":19},"end":{"line":23,"column":null}},"7":{"start":{"line":25,"column":4},"end":{"line":25,"column":57}},"8":{"start":{"line":32,"column":19},"end":{"line":34,"column":null}},"9":{"start":{"line":36,"column":4},"end":{"line":36,"column":59}},"10":{"start":{"line":43,"column":19},"end":{"line":45,"column":null}},"11":{"start":{"line":47,"column":4},"end":{"line":47,"column":62}},"12":{"start":{"line":16,"column":13},"end":{"line":49,"column":null}},"13":{"start":{"line":16,"column":13},"end":{"line":16,"column":26}}},"fnMap":{"0":{"name":"(anonymous_2)","decl":{"start":{"line":17,"column":2},"end":{"line":17,"column":31}},"loc":{"start":{"line":17,"column":67},"end":{"line":17,"column":71}}},"1":{"name":"(anonymous_3)","decl":{"start":{"line":19,"column":9},"end":{"line":19,"column":14}},"loc":{"start":{"line":20,"column":32},"end":{"line":26,"column":3}}},"2":{"name":"(anonymous_4)","decl":{"start":{"line":28,"column":9},"end":{"line":28,"column":14}},"loc":{"start":{"line":30,"column":34},"end":{"line":37,"column":3}}},"3":{"name":"(anonymous_5)","decl":{"start":{"line":39,"column":9},"end":{"line":39,"column":14}},"loc":{"start":{"line":41,"column":37},"end":{"line":48,"column":3}}}},"branchMap":{},"s":{"0":0,"1":0,"2":0,"3":0,"4":0,"5":0,"6":0,"7":0,"8":0,"9":0,"10":0,"11":0,"12":0,"13":0},"f":{"0":0,"1":0,"2":0,"3":0},"b":{}}
,"D:\\workspace\\private\\nf-freelancer\\src\\app\\services\\v1\\revenue.service.ts": {"path":"D:\\workspace\\private\\nf-freelancer\\src\\app\\services\\v1\\revenue.service.ts","statementMap":{"0":{"start":{"line":1,"column":0},"end":{"line":1,"column":68}},"1":{"start":{"line":3,"column":0},"end":{"line":3,"column":43}},"2":{"start":{"line":4,"column":0},"end":{"line":4,"column":70}},"3":{"start":{"line":5,"column":0},"end":{"line":5,"column":68}},"4":{"start":{"line":6,"column":0},"end":{"line":6,"column":52}},"5":{"start":{"line":7,"column":0},"end":{"line":7,"column":33}},"6":{"start":{"line":10,"column":7},"end":{"line":61,"column":null}},"7":{"start":{"line":12,"column":21},"end":{"line":12,"column":40}},"8":{"start":{"line":13,"column":21},"end":{"line":13,"column":41}},"9":{"start":{"line":20,"column":21},"end":{"line":22,"column":6}},"10":{"start":{"line":23,"column":4},"end":{"line":25,"column":null}},"11":{"start":{"line":24,"column":6},"end":{"line":24,"column":78}},"12":{"start":{"line":27,"column":19},"end":{"line":27,"column":59}},"13":{"start":{"line":28,"column":4},"end":{"line":28,"column":31}},"14":{"start":{"line":30,"column":30},"end":{"line":30,"column":71}},"15":{"start":{"line":31,"column":4},"end":{"line":31,"column":21}},"16":{"start":{"line":38,"column":20},"end":{"line":40,"column":6}},"17":{"start":{"line":41,"column":4},"end":{"line":43,"column":null}},"18":{"start":{"line":42,"column":6},"end":{"line":42,"column":69}},"19":{"start":{"line":45,"column":19},"end":{"line":45,"column":70}},"20":{"start":{"line":46,"column":4},"end":{"line":46,"column":46}},"21":{"start":{"line":50,"column":20},"end":{"line":50,"column":66}},"22":{"start":{"line":51,"column":4},"end":{"line":53,"column":null}},"23":{"start":{"line":52,"column":6},"end":{"line":52,"column":66}},"24":{"start":{"line":54,"column":4},"end":{"line":59,"column":17}},"25":{"start":{"line":10,"column":13},"end":{"line":61,"column":null}},"26":{"start":{"line":10,"column":13},"end":{"line":10,"column":27}}},"fnMap":{"0":{"name":"(anonymous_2)","decl":{"start":{"line":11,"column":2},"end":{"line":11,"column":null}},"loc":{"start":{"line":13,"column":59},"end":{"line":14,"column":6}}},"1":{"name":"(anonymous_3)","decl":{"start":{"line":16,"column":9},"end":{"line":16,"column":14}},"loc":{"start":{"line":18,"column":34},"end":{"line":32,"column":3}}},"2":{"name":"(anonymous_4)","decl":{"start":{"line":34,"column":9},"end":{"line":34,"column":14}},"loc":{"start":{"line":36,"column":34},"end":{"line":47,"column":3}}},"3":{"name":"(anonymous_5)","decl":{"start":{"line":49,"column":9},"end":{"line":49,"column":14}},"loc":{"start":{"line":49,"column":32},"end":{"line":60,"column":3}}}},"branchMap":{"0":{"loc":{"start":{"line":23,"column":4},"end":{"line":25,"column":null}},"type":"if","locations":[{"start":{"line":23,"column":4},"end":{"line":25,"column":null}}]},"1":{"loc":{"start":{"line":41,"column":4},"end":{"line":43,"column":null}},"type":"if","locations":[{"start":{"line":41,"column":4},"end":{"line":43,"column":null}}]},"2":{"loc":{"start":{"line":51,"column":4},"end":{"line":53,"column":null}},"type":"if","locations":[{"start":{"line":51,"column":4},"end":{"line":53,"column":null}}]}},"s":{"0":0,"1":0,"2":0,"3":0,"4":0,"5":0,"6":0,"7":0,"8":0,"9":0,"10":0,"11":0,"12":0,"13":0,"14":0,"15":0,"16":0,"17":0,"18":0,"19":0,"20":0,"21":0,"22":0,"23":0,"24":0,"25":0,"26":0},"f":{"0":0,"1":0,"2":0,"3":0},"b":{"0":[0],"1":[0],"2":[0]}}
,"D:\\workspace\\private\\nf-freelancer\\src\\app\\services\\v1\\user.service.ts": {"path":"D:\\workspace\\private\\nf-freelancer\\src\\app\\services\\v1\\user.service.ts","statementMap":{"0":{"start":{"line":2,"column":0},"end":{"line":2,"column":62}},"1":{"start":{"line":3,"column":0},"end":{"line":3,"column":33}},"2":{"start":{"line":4,"column":0},"end":{"line":4,"column":66}},"3":{"start":{"line":5,"column":0},"end":{"line":5,"column":52}},"4":{"start":{"line":6,"column":0},"end":{"line":6,"column":37}},"5":{"start":{"line":7,"column":0},"end":{"line":7,"column":80}},"6":{"start":{"line":8,"column":0},"end":{"line":8,"column":60}},"7":{"start":{"line":11,"column":7},"end":{"line":42,"column":null}},"8":{"start":{"line":13,"column":21},"end":{"line":13,"column":37}},"9":{"start":{"line":14,"column":21},"end":{"line":14,"column":40}},"10":{"start":{"line":18,"column":4},"end":{"line":20,"column":null}},"11":{"start":{"line":19,"column":6},"end":{"line":19,"column":76}},"12":{"start":{"line":22,"column":4},"end":{"line":24,"column":null}},"13":{"start":{"line":23,"column":6},"end":{"line":23,"column":75}},"14":{"start":{"line":26,"column":17},"end":{"line":26,"column":51}},"15":{"start":{"line":27,"column":4},"end":{"line":27,"column":66}},"16":{"start":{"line":29,"column":19},"end":{"line":29,"column":55}},"17":{"start":{"line":30,"column":4},"end":{"line":30,"column":21}},"18":{"start":{"line":34,"column":17},"end":{"line":34,"column":79}},"19":{"start":{"line":35,"column":4},"end":{"line":39,"column":null}},"20":{"start":{"line":36,"column":6},"end":{"line":38,"column":8}},"21":{"start":{"line":40,"column":4},"end":{"line":40,"column":75}},"22":{"start":{"line":11,"column":13},"end":{"line":42,"column":null}},"23":{"start":{"line":11,"column":13},"end":{"line":11,"column":24}}},"fnMap":{"0":{"name":"(anonymous_2)","decl":{"start":{"line":12,"column":2},"end":{"line":12,"column":null}},"loc":{"start":{"line":14,"column":57},"end":{"line":15,"column":6}}},"1":{"name":"(anonymous_3)","decl":{"start":{"line":17,"column":9},"end":{"line":17,"column":14}},"loc":{"start":{"line":17,"column":46},"end":{"line":31,"column":3}}},"2":{"name":"(anonymous_4)","decl":{"start":{"line":33,"column":9},"end":{"line":33,"column":14}},"loc":{"start":{"line":33,"column":49},"end":{"line":41,"column":3}}}},"branchMap":{"0":{"loc":{"start":{"line":18,"column":4},"end":{"line":20,"column":null}},"type":"if","locations":[{"start":{"line":18,"column":4},"end":{"line":20,"column":null}}]},"1":{"loc":{"start":{"line":22,"column":4},"end":{"line":24,"column":null}},"type":"if","locations":[{"start":{"line":22,"column":4},"end":{"line":24,"column":null}}]},"2":{"loc":{"start":{"line":35,"column":4},"end":{"line":39,"column":null}},"type":"if","locations":[{"start":{"line":35,"column":4},"end":{"line":39,"column":null}}]}},"s":{"0":0,"1":0,"2":0,"3":0,"4":0,"5":0,"6":0,"7":0,"8":0,"9":0,"10":0,"11":0,"12":0,"13":0,"14":0,"15":0,"16":0,"17":0,"18":0,"19":0,"20":0,"21":0,"22":0,"23":0},"f":{"0":0,"1":0,"2":0},"b":{"0":[0],"1":[0],"2":[0]}}
}
