TN:
SF:src\app\dto\request\auth.request.ts
FNF:0
FNH:0
DA:1,0
DA:3,0
DA:4,0
DA:9,0
DA:14,0
DA:15,0
LF:6
LH:0
BRF:0
BRH:0
end_of_record
TN:
SF:src\app\dto\request\category.request.ts
FN:16,(anonymous_2)
FN:23,(anonymous_3)
FN:31,(anonymous_4)
FN:35,(anonymous_5)
FNF:4
FNH:1
FNDA:1,(anonymous_2)
FNDA:0,(anonymous_3)
FNDA:0,(anonymous_4)
FNDA:0,(anonymous_5)
DA:1,1
DA:2,1
DA:14,1
DA:16,1
DA:17,1
DA:18,1
DA:19,1
DA:22,1
DA:23,1
DA:31,1
DA:32,1
DA:36,0
DA:41,0
DA:43,1
DA:48,1
DA:49,1
DA:54,1
LF:17
LH:15
BRDA:16,0,0,1
BRDA:16,0,1,1
BRF:2
BRH:2
end_of_record
TN:
SF:src\app\dto\request\customer.request.ts
FN:17,(anonymous_2)
FN:48,(anonymous_3)
FN:56,(anonymous_4)
FN:60,(anonymous_5)
FNF:4
FNH:0
FNDA:0,(anonymous_2)
FNDA:0,(anonymous_3)
FNDA:0,(anonymous_4)
FNDA:0,(anonymous_5)
DA:1,0
DA:13,0
DA:14,0
DA:15,0
DA:17,0
DA:18,0
DA:19,0
DA:20,0
DA:21,0
DA:24,0
DA:25,0
DA:32,0
DA:39,0
DA:47,0
DA:48,0
DA:56,0
DA:57,0
DA:61,0
DA:66,0
DA:68,0
DA:73,0
DA:79,0
DA:86,0
DA:87,0
DA:92,0
DA:98,0
LF:26
LH:0
BRDA:17,0,0,0
BRDA:17,0,1,0
BRF:2
BRH:0
end_of_record
TN:
SF:src\app\dto\request\expensive.request.ts
FN:15,(anonymous_2)
FN:25,(anonymous_3)
FN:44,(anonymous_4)
FN:50,(anonymous_5)
FNF:4
FNH:0
FNDA:0,(anonymous_2)
FNDA:0,(anonymous_3)
FNDA:0,(anonymous_4)
FNDA:0,(anonymous_5)
DA:1,0
DA:2,0
DA:13,0
DA:14,0
DA:15,0
DA:23,0
DA:24,0
DA:25,0
DA:33,0
DA:34,0
DA:38,0
DA:44,0
DA:50,0
DA:56,0
LF:14
LH:0
BRF:0
BRH:0
end_of_record
TN:
SF:src\app\dto\request\report.request.ts
FN:6,(anonymous_2)
FN:11,(anonymous_3)
FN:25,(anonymous_4)
FN:27,(anonymous_5)
FN:38,(anonymous_6)
FN:40,(anonymous_7)
FNF:6
FNH:0
FNDA:0,(anonymous_2)
FNDA:0,(anonymous_3)
FNDA:0,(anonymous_4)
FNDA:0,(anonymous_5)
FNDA:0,(anonymous_6)
FNDA:0,(anonymous_7)
DA:1,0
DA:3,0
DA:4,0
DA:6,0
DA:7,0
DA:8,0
DA:11,0
DA:12,0
DA:13,0
DA:16,0
DA:17,0
DA:25,0
DA:26,0
DA:28,0
DA:33,0
DA:38,0
DA:39,0
DA:41,0
DA:46,0
LF:19
LH:0
BRDA:6,0,0,0
BRDA:6,0,1,0
BRDA:11,1,0,0
BRDA:11,1,1,0
BRF:4
BRH:0
end_of_record
TN:
SF:src\app\dto\request\revenue.request.ts
FN:31,(anonymous_2)
FN:37,(anonymous_3)
FN:46,(anonymous_4)
FN:55,(anonymous_5)
FNF:4
FNH:0
FNDA:0,(anonymous_2)
FNDA:0,(anonymous_3)
FNDA:0,(anonymous_4)
FNDA:0,(anonymous_5)
DA:1,0
DA:12,0
DA:14,0
DA:15,0
DA:19,0
DA:25,0
DA:31,0
DA:37,0
DA:44,0
DA:45,0
DA:46,0
DA:54,0
DA:55,0
LF:13
LH:0
BRF:0
BRH:0
end_of_record
TN:
SF:src\app\dto\request\user.request.ts
FN:59,(anonymous_2)
FN:64,(anonymous_3)
FNF:2
FNH:0
FNDA:0,(anonymous_2)
FNDA:0,(anonymous_3)
DA:1,0
DA:12,0
DA:13,0
DA:15,0
DA:16,0
DA:21,0
DA:26,0
DA:35,0
DA:42,0
DA:48,0
DA:53,0
DA:58,0
DA:59,0
DA:63,0
DA:64,0
LF:15
LH:0
BRF:0
BRH:0
end_of_record
TN:
SF:src\app\dto\request\base\page.base.request.ts
FN:52,(anonymous_2)
FN:59,(anonymous_3)
FN:32,(anonymous_4)
FN:40,(anonymous_5)
FNF:4
FNH:1
FNDA:0,(anonymous_2)
FNDA:1,(anonymous_3)
FNDA:0,(anonymous_4)
FNDA:0,(anonymous_5)
DA:1,1
DA:2,1
DA:3,1
DA:12,1
DA:31,1
DA:32,1
DA:38,0
DA:40,1
DA:45,0
DA:47,1
DA:50,0
DA:53,0
DA:63,1
DA:67,1
DA:70,1
DA:71,1
DA:72,1
DA:73,1
LF:18
LH:14
BRDA:54,0,0,0
BRDA:54,0,1,0
BRDA:67,1,0,0
BRDA:67,1,1,1
BRF:4
BRH:1
end_of_record
TN:
SF:src\app\services\encryption.service.ts
FN:8,(anonymous_3)
FN:10,(anonymous_4)
FN:21,(anonymous_5)
FN:39,(anonymous_6)
FN:49,(anonymous_7)
FNF:5
FNH:0
FNDA:0,(anonymous_3)
FNDA:0,(anonymous_4)
FNDA:0,(anonymous_5)
FNDA:0,(anonymous_6)
FNDA:0,(anonymous_7)
DA:1,0
DA:2,0
DA:3,0
DA:4,0
DA:7,0
DA:11,0
DA:16,0
DA:22,0
DA:23,0
DA:28,0
DA:40,0
DA:50,0
LF:12
LH:0
BRF:0
BRH:0
end_of_record
TN:
SF:src\app\services\v1\auth.service.ts
FN:13,(anonymous_2)
FN:15,(anonymous_3)
FN:31,(anonymous_4)
FNF:3
FNH:0
FNDA:0,(anonymous_2)
FNDA:0,(anonymous_3)
FNDA:0,(anonymous_4)
DA:1,0
DA:2,0
DA:3,0
DA:5,0
DA:7,0
DA:8,0
DA:9,0
DA:12,0
DA:13,0
DA:16,0
DA:17,0
DA:19,0
DA:20,0
DA:25,0
DA:26,0
DA:28,0
DA:32,0
DA:33,0
DA:36,0
DA:37,0
DA:40,0
DA:41,0
DA:42,0
DA:43,0
DA:46,0
LF:25
LH:0
BRDA:36,0,0,0
BRDA:42,1,0,0
BRF:2
BRH:0
end_of_record
TN:
SF:src\app\services\v1\category.service.ts
FN:18,(anonymous_2)
FN:20,(anonymous_3)
FN:34,(anonymous_4)
FN:47,(anonymous_5)
FN:62,(anonymous_6)
FN:75,(anonymous_7)
FNF:6
FNH:2
FNDA:1,(anonymous_2)
FNDA:0,(anonymous_3)
FNDA:0,(anonymous_4)
FNDA:1,(anonymous_5)
FNDA:0,(anonymous_6)
FNDA:0,(anonymous_7)
DA:1,1
DA:2,1
DA:6,1
DA:10,1
DA:11,1
DA:12,1
DA:13,1
DA:14,1
DA:17,1
DA:18,1
DA:21,0
DA:25,0
DA:26,0
DA:29,0
DA:30,0
DA:31,0
DA:35,0
DA:39,0
DA:40,0
DA:42,0
DA:50,1
DA:52,1
DA:54,1
DA:55,1
DA:59,1
DA:66,0
DA:67,0
DA:68,0
DA:71,0
DA:72,0
DA:76,0
DA:77,0
DA:78,0
DA:80,0
LF:34
LH:15
BRDA:25,0,0,0
BRDA:39,1,0,0
BRDA:67,2,0,0
BRDA:77,3,0,0
BRF:4
BRH:0
end_of_record
TN:
SF:src\app\services\v1\customer.service.ts
FN:19,(anonymous_2)
FN:21,(anonymous_3)
FN:32,(anonymous_4)
FN:47,(anonymous_5)
FN:69,(anonymous_6)
FN:100,(anonymous_7)
FN:113,(anonymous_8)
FNF:7
FNH:0
FNDA:0,(anonymous_2)
FNDA:0,(anonymous_3)
FNDA:0,(anonymous_4)
FNDA:0,(anonymous_5)
FNDA:0,(anonymous_6)
FNDA:0,(anonymous_7)
FNDA:0,(anonymous_8)
DA:1,0
DA:2,0
DA:7,0
DA:11,0
DA:12,0
DA:13,0
DA:14,0
DA:15,0
DA:18,0
DA:19,0
DA:22,0
DA:23,0
DA:24,0
DA:27,0
DA:35,0
DA:37,0
DA:39,0
DA:40,0
DA:44,0
DA:48,0
DA:51,0
DA:52,0
DA:56,0
DA:59,0
DA:60,0
DA:64,0
DA:65,0
DA:66,0
DA:73,0
DA:74,0
DA:75,0
DA:78,0
DA:81,0
DA:82,0
DA:87,0
DA:90,0
DA:91,0
DA:96,0
DA:97,0
DA:101,0
DA:102,0
DA:103,0
DA:106,0
DA:110,0
DA:114,0
DA:115,0
DA:116,0
DA:118,0
LF:48
LH:0
BRDA:23,0,0,0
BRDA:51,1,0,0
BRDA:59,2,0,0
BRDA:74,3,0,0
BRDA:81,4,0,0
BRDA:90,5,0,0
BRDA:102,6,0,0
BRDA:115,7,0,0
BRF:8
BRH:0
end_of_record
TN:
SF:src\app\services\v1\expense.service.ts
FN:12,(anonymous_2)
FN:18,(anonymous_3)
FN:46,(anonymous_4)
FN:74,(anonymous_5)
FNF:4
FNH:0
FNDA:0,(anonymous_2)
FNDA:0,(anonymous_3)
FNDA:0,(anonymous_4)
FNDA:0,(anonymous_5)
DA:1,0
DA:2,0
DA:3,0
DA:5,0
DA:6,0
DA:7,0
DA:8,0
DA:11,0
DA:13,0
DA:14,0
DA:15,0
DA:22,0
DA:25,0
DA:26,0
DA:31,0
DA:34,0
DA:35,0
DA:38,0
DA:39,0
DA:40,0
DA:42,0
DA:43,0
DA:50,0
DA:53,0
DA:54,0
DA:59,0
DA:63,0
DA:64,0
DA:67,0
DA:68,0
DA:70,0
DA:71,0
DA:75,0
DA:76,0
DA:77,0
DA:79,0
LF:36
LH:0
BRDA:25,0,0,0
BRDA:34,1,0,0
BRDA:53,2,0,0
BRDA:63,3,0,0
BRDA:76,4,0,0
BRF:5
BRH:0
end_of_record
TN:
SF:src\app\services\v1\report.service.ts
FN:17,(anonymous_2)
FN:19,(anonymous_3)
FN:28,(anonymous_4)
FN:39,(anonymous_5)
FNF:4
FNH:0
FNDA:0,(anonymous_2)
FNDA:0,(anonymous_3)
FNDA:0,(anonymous_4)
FNDA:0,(anonymous_5)
DA:6,0
DA:11,0
DA:12,0
DA:13,0
DA:16,0
DA:17,0
DA:22,0
DA:25,0
DA:32,0
DA:36,0
DA:43,0
DA:47,0
LF:12
LH:0
BRF:0
BRH:0
end_of_record
TN:
SF:src\app\services\v1\revenue.service.ts
FN:11,(anonymous_2)
FN:16,(anonymous_3)
FN:34,(anonymous_4)
FN:49,(anonymous_5)
FNF:4
FNH:0
FNDA:0,(anonymous_2)
FNDA:0,(anonymous_3)
FNDA:0,(anonymous_4)
FNDA:0,(anonymous_5)
DA:1,0
DA:3,0
DA:4,0
DA:5,0
DA:6,0
DA:7,0
DA:10,0
DA:12,0
DA:13,0
DA:20,0
DA:23,0
DA:24,0
DA:27,0
DA:28,0
DA:30,0
DA:31,0
DA:38,0
DA:41,0
DA:42,0
DA:45,0
DA:46,0
DA:50,0
DA:51,0
DA:52,0
DA:54,0
LF:25
LH:0
BRDA:23,0,0,0
BRDA:41,1,0,0
BRDA:51,2,0,0
BRF:3
BRH:0
end_of_record
TN:
SF:src\app\services\v1\user.service.ts
FN:12,(anonymous_2)
FN:17,(anonymous_3)
FN:33,(anonymous_4)
FNF:3
FNH:0
FNDA:0,(anonymous_2)
FNDA:0,(anonymous_3)
FNDA:0,(anonymous_4)
DA:2,0
DA:3,0
DA:4,0
DA:5,0
DA:6,0
DA:7,0
DA:8,0
DA:11,0
DA:13,0
DA:14,0
DA:18,0
DA:19,0
DA:22,0
DA:23,0
DA:26,0
DA:27,0
DA:29,0
DA:30,0
DA:34,0
DA:35,0
DA:36,0
DA:40,0
LF:22
LH:0
BRDA:18,0,0,0
BRDA:22,1,0,0
BRDA:35,2,0,0
BRF:3
BRH:0
end_of_record
